digraph Tree {
node [shape=box, style="filled, rounded", color="black", fontname=helvetica] ;
edge [fontname=helvetica] ;
0 [label=<Checking account status &le; 2.5<br/>gini = 0.42<br/>samples = 1000<br/>value = [300, 700]<br/>class = Good>, fillcolor="#399de592"] ;
1 [label=<Duration &le; 22.5<br/>gini = 0.4933<br/>samples = 543<br/>value = [240, 303]<br/>class = Good>, fillcolor="#399de535"] ;
0 -> 1 [labeldistance=2.5, labelangle=45, headlabel="True"] ;
2 [label=<Credit history &le; 1.5<br/>gini = 0.4528<br/>samples = 306<br/>value = [106, 200]<br/>class = Good>, fillcolor="#399de578"] ;
1 -> 2 ;
3 [label=<gini = 0.375<br/>samples = 28<br/>value = [21, 7]<br/>class = Bad>, fillcolor="#e58139aa"] ;
2 -> 3 ;
4 [label=<gini = 0.4245<br/>samples = 278<br/>value = [85, 193]<br/>class = Good>, fillcolor="#399de58f"] ;
2 -> 4 ;
5 [label=<Savings account/bonds &le; 3.5<br/>gini = 0.4914<br/>samples = 237<br/>value = [134, 103]<br/>class = Bad>, fillcolor="#e581393b"] ;
1 -> 5 ;
6 [label=<gini = 0.47<br/>samples = 196<br/>value = [122, 74]<br/>class = Bad>, fillcolor="#e5813964"] ;
5 -> 6 ;
7 [label=<gini = 0.414<br/>samples = 41<br/>value = [12, 29]<br/>class = Good>, fillcolor="#399de595"] ;
5 -> 7 ;
8 [label=<Other installment plans &le; 2.5<br/>gini = 0.2281<br/>samples = 457<br/>value = [60, 397]<br/>class = Good>, fillcolor="#399de5d8"] ;
0 -> 8 [labeldistance=2.5, labelangle=-45, headlabel="False"] ;
9 [label=<Age &le; 44.5<br/>gini = 0.4114<br/>samples = 76<br/>value = [22, 54]<br/>class = Good>, fillcolor="#399de597"] ;
8 -> 9 ;
10 [label=<gini = 0.4585<br/>samples = 59<br/>value = [21, 38]<br/>class = Good>, fillcolor="#399de572"] ;
9 -> 10 ;
11 [label=<gini = 0.1107<br/>samples = 17<br/>value = [1, 16]<br/>class = Good>, fillcolor="#399de5ef"] ;
9 -> 11 ;
12 [label=<Present employment since &le; 2.5<br/>gini = 0.1796<br/>samples = 381<br/>value = [38, 343]<br/>class = Good>, fillcolor="#399de5e3"] ;
8 -> 12 ;
13 [label=<gini = 0.3343<br/>samples = 66<br/>value = [14, 52]<br/>class = Good>, fillcolor="#399de5ba"] ;
12 -> 13 ;
14 [label=<gini = 0.1408<br/>samples = 315<br/>value = [24, 291]<br/>class = Good>, fillcolor="#399de5ea"] ;
12 -> 14 ;
}